<?xml version="1.0" encoding="UTF-8"?><testsuite name="nosetests" tests="1" errors="1" failures="0" skip="0"><testcase classname="&lt;nose.suite" name="ContextSuite context=MainDriverScript&gt;:setup" time="0.000"><error type="httplib.BadStatusLine" message="''&#10;-------------------- &gt;&gt; begin captured logging &lt;&lt; --------------------&#10;selenium.webdriver.remote.remote_connection: DEBUG: POST http://127.0.0.1:56393/hub/session {&quot;desiredCapabilities&quot;: {&quot;platform&quot;: &quot;ANY&quot;, &quot;browserName&quot;: &quot;firefox&quot;, &quot;version&quot;: &quot;&quot;, &quot;javascriptEnabled&quot;: true}}&#10;selenium.webdriver.remote.remote_connection: DEBUG: Finished Request&#10;selenium.webdriver.remote.remote_connection: DEBUG: POST http://127.0.0.1:56393/hub/session/6322afc5-7478-41b0-ba84-f5846967d844/timeouts/implicit_wait {&quot;sessionId&quot;: &quot;6322afc5-7478-41b0-ba84-f5846967d844&quot;, &quot;ms&quot;: 30000.0}&#10;selenium.webdriver.remote.remote_connection: DEBUG: Finished Request&#10;selenium.webdriver.remote.remote_connection: DEBUG: POST http://127.0.0.1:56393/hub/session/6322afc5-7478-41b0-ba84-f5846967d844/window/current/maximize {&quot;windowHandle&quot;: &quot;current&quot;, &quot;sessionId&quot;: &quot;6322afc5-7478-41b0-ba84-f5846967d844&quot;}&#10;selenium.webdriver.remote.remote_connection: DEBUG: Finished Request&#10;selenium.webdriver.remote.remote_connection: DEBUG: POST http://127.0.0.1:56393/hub/session/6322afc5-7478-41b0-ba84-f5846967d844/url {&quot;url&quot;: &quot;https://constellation-qa.haystax.com/#/&quot;, &quot;sessionId&quot;: &quot;6322afc5-7478-41b0-ba84-f5846967d844&quot;}&#10;--------------------- &gt;&gt; end captured logging &lt;&lt; ---------------------"><![CDATA[  File "C:\Python27\lib\site-packages\nose\suite.py", line 209, in run
    self.setUp()
  File "C:\Python27\lib\site-packages\nose\suite.py", line 292, in setUp
    self.setupContext(ancestor)
  File "C:\Python27\lib\site-packages\nose\suite.py", line 315, in setupContext
    try_run(context, names)
  File "C:\Python27\lib\site-packages\nose\util.py", line 471, in try_run
    return func()
  File "D:\Project\Constellation\testcases\basetestcase.py", line 23, in setUpClass
    self.driver.get("https://constellation-qa.haystax.com/#/")
  File "C:\Python27\lib\site-packages\selenium\webdriver\remote\webdriver.py", line 207, in get
    self.execute(Command.GET, {'url': url})
  File "C:\Python27\lib\site-packages\selenium\webdriver\remote\webdriver.py", line 193, in execute
    response = self.command_executor.execute(driver_command, params)
  File "C:\Python27\lib\site-packages\selenium\webdriver\remote\remote_connection.py", line 358, in execute
    return self._request(command_info[0], url, body=data)
  File "C:\Python27\lib\site-packages\selenium\webdriver\remote\remote_connection.py", line 389, in _request
    resp = self._conn.getresponse()
  File "C:\Python27\lib\httplib.py", line 1067, in getresponse
    response.begin()
  File "C:\Python27\lib\httplib.py", line 409, in begin
    version, status, reason = self._read_status()
  File "C:\Python27\lib\httplib.py", line 373, in _read_status
    raise BadStatusLine(line)
'\'\'\n-------------------- >> begin captured logging << --------------------\nselenium.webdriver.remote.remote_connection: DEBUG: POST http://127.0.0.1:56393/hub/session {"desiredCapabilities": {"platform": "ANY", "browserName": "firefox", "version": "", "javascriptEnabled": true}}\nselenium.webdriver.remote.remote_connection: DEBUG: Finished Request\nselenium.webdriver.remote.remote_connection: DEBUG: POST http://127.0.0.1:56393/hub/session/6322afc5-7478-41b0-ba84-f5846967d844/timeouts/implicit_wait {"sessionId": "6322afc5-7478-41b0-ba84-f5846967d844", "ms": 30000.0}\nselenium.webdriver.remote.remote_connection: DEBUG: Finished Request\nselenium.webdriver.remote.remote_connection: DEBUG: POST http://127.0.0.1:56393/hub/session/6322afc5-7478-41b0-ba84-f5846967d844/window/current/maximize {"windowHandle": "current", "sessionId": "6322afc5-7478-41b0-ba84-f5846967d844"}\nselenium.webdriver.remote.remote_connection: DEBUG: Finished Request\nselenium.webdriver.remote.remote_connection: DEBUG: POST http://127.0.0.1:56393/hub/session/6322afc5-7478-41b0-ba84-f5846967d844/url {"url": "https://constellation-qa.haystax.com/#/", "sessionId": "6322afc5-7478-41b0-ba84-f5846967d844"}\n--------------------- >> end captured logging << ---------------------']]></error></testcase></testsuite>