<?xml version="1.0" encoding="UTF-8"?><testsuite name="nosetests" tests="24" errors="0" failures="3" skip="0"><testcase classname="main.MainDriverScript" name="test_AS_01_To_Verify_Delete_When_No_Assets_Are_Available" time="0.120"><failure type="exceptions.AssertionError" message="Delete must be disabled.&#10;-------------------- &gt;&gt; begin captured logging &lt;&lt; --------------------&#10;easyprocess: DEBUG: version=0.1.9&#10;pyvirtualdisplay: DEBUG: version=0.1.5&#10;easyprocess: DEBUG: param: &quot;['Xvfb', '-help']&quot; &#10;easyprocess: DEBUG: command: ['Xvfb', '-help']&#10;easyprocess: DEBUG: joined command: Xvfb -help&#10;easyprocess: DEBUG: reading config: /home/kirank/.easyprocess.cfg&#10;easyprocess: DEBUG: process was started (pid=1297)&#10;easyprocess: DEBUG: process has ended&#10;easyprocess: DEBUG: return code=0&#10;easyprocess: DEBUG: stdout=&#10;easyprocess: DEBUG: stderr=use: X [:&lt;display&gt;] [option]&#10;-a #                   default pointer acceleration (factor)&#10;-ac                    disable access control restrictions&#10;-audit int             set audit trail level&#10;-auth file             select authorization file&#10;-br                    create root window with black background&#10;+bs                    enable any backing store support&#10;-bs                    disable any backing store support&#10;-c                     turns off key-click&#10;c #                    key-click volume (0-100)&#10;-cc int                default color visual class&#10;-nocursor              disable the cursor&#10;-core                  generate core dump on fatal error&#10;-dpi int               screen resolution in dots per inch&#10;-dpms                  disables VESA DPMS monitor control&#10;-deferglyphs [none|all|16] defer loading of [no|all|16-bit] glyphs&#10;-f #                   bell base (0-100)&#10;-fc string             cursor font&#10;-fn string             default font name&#10;-fp string             default font path&#10;-help                  prints message with these options&#10;-I                     ignore all remaining arguments&#10;-ld int                limit data space to N Kb&#10;-lf int                limit number of open files to N&#10;-ls int                limit stack space to N Kb&#10;-nolock                disable the locking mechanism&#10;-nolisten string       don't listen on protocol&#10;-noreset               don't reset after last client exists&#10;-background [none]     create root window with no background&#10;-reset                 reset after last client exists&#10;-p #                   screen-saver pattern duration (minutes)&#10;-pn                    accept failure to listen on all ports&#10;-nopn                  reject failure to listen on all ports&#10;-r                     turns off auto-repeat&#10;r                      turns on auto-repeat &#10;-render [default|mono|gray|color] set render color alloc policy&#10;-retro                 start with classic stipple and cursor&#10;-s #                   screen-saver timeout (minutes)&#10;-seat string           seat to run on&#10;-t #                   default pointer threshold (pixels/t)&#10;-terminate             terminate at server reset&#10;-to #                  connection time out&#10;-tst                   disable testing extensions&#10;ttyxx                  server started from init on /dev/ttyxx&#10;v                      video blanking for screen-saver&#10;-v                     screen-saver without video blanking&#10;-wm                    WhenMapped default backing-store&#10;-wr                    create root window with white background&#10;-maxbigreqsize         set maximal bigrequest size &#10;+xinerama              Enable XINERAMA extension&#10;-xinerama              Disable XINERAMA extension&#10;-dumbSched             Disable smart scheduling, enable old behavior&#10;-schedInterval int     Set scheduler interval in msec&#10;-sigstop               Enable SIGSTOP based startup&#10;+extension name        Enable extension&#10;-extension name        Disable extension&#10;-query host-name       contact named host for XDMCP&#10;-broadcast             broadcast for XDMCP&#10;-multicast [addr [hops]] IPv6 multicast for XDMCP&#10;-indirect host-name    contact named host for indirect XDMCP&#10;-port port-num         UDP port number to send messages to&#10;-from local-address    specify the local address to connect from&#10;-once                  Terminate server after one session&#10;-class display-class   specify display class to send in manage&#10;-cookie xdm-auth-bits  specify the magic cookie for XDMCP&#10;-displayID display-id  manufacturer display ID for request&#10;[+-]accessx [ timeout [ timeout_mask [ feedback [ options_mask] ] ] ]&#10;                       enable/disable accessx key sequences&#10;-ardelay               set XKB autorepeat delay&#10;-arinterval            set XKB autorepeat interval&#10;-screen scrn WxHxD     set screen's width, height, depth&#10;-pixdepths list-of-int support given pixmap depths&#10;+/-render&#9;&#9;   turn on/off RENDER extension support(default on)&#10;-linebias n            adjust thin line pixelization&#10;-blackpixel n          pixel value for black&#10;-whitepixel n          pixel value for white&#10;-fbdir directory       put framebuffers in mmap'ed files in directory&#10;-shmem                 put framebuffers in shared memory&#10;easyprocess: DEBUG: param: &quot;['Xvfb', '-br', '-screen', '0', '1024x768x24', ':1070']&quot; &#10;easyprocess: DEBUG: command: ['Xvfb', '-br', '-screen', '0', '1024x768x24', ':1070']&#10;easyprocess: DEBUG: joined command: Xvfb -br -screen 0 1024x768x24 :1070&#10;easyprocess: DEBUG: param: &quot;['Xvfb', '-br', '-screen', '0', '1024x768x24', ':1044']&quot; &#10;easyprocess: DEBUG: command: ['Xvfb', '-br', '-screen', '0', '1024x768x24', ':1044']&#10;easyprocess: DEBUG: joined command: Xvfb -br -screen 0 1024x768x24 :1044&#10;easyprocess: DEBUG: process was started (pid=1298)&#10;pyvirtualdisplay.abstractdisplay: DEBUG: DISPLAY=:1044&#10;selenium.webdriver.remote.remote_connection: DEBUG: POST http://127.0.0.1:39316/hub/session {&quot;desiredCapabilities&quot;: {&quot;platform&quot;: &quot;ANY&quot;, &quot;browserName&quot;: &quot;firefox&quot;, &quot;version&quot;: &quot;&quot;, &quot;marionette&quot;: false, &quot;javascriptEnabled&quot;: true}}&#10;selenium.webdriver.remote.remote_connection: DEBUG: Finished Request&#10;selenium.webdriver.remote.remote_connection: DEBUG: POST http://127.0.0.1:39316/hub/session/3b3c8517-7c95-4395-b87e-894f94e9fa9b/timeouts/implicit_wait {&quot;sessionId&quot;: &quot;3b3c8517-7c95-4395-b87e-894f94e9fa9b&quot;, &quot;ms&quot;: 30000.0}&#10;selenium.webdriver.remote.remote_connection: DEBUG: Finished Request&#10;selenium.webdriver.remote.remote_connection: DEBUG: POST http://127.0.0.1:39316/hub/session/3b3c8517-7c95-4395-b87e-894f94e9fa9b/window/current/maximize {&quot;windowHandle&quot;: &quot;current&quot;, &quot;sessionId&quot;: &quot;3b3c8517-7c95-4395-b87e-894f94e9fa9b&quot;}&#10;selenium.webdriver.remote.remote_connection: DEBUG: Finished Request&#10;selenium.webdriver.remote.remote_connection: DEBUG: POST http://127.0.0.1:39316/hub/session/3b3c8517-7c95-4395-b87e-894f94e9fa9b/url {&quot;url&quot;: &quot;https://constellation-qa.haystax.com/#/&quot;, &quot;sessionId&quot;: &quot;3b3c8517-7c95-4395-b87e-894f94e9fa9b&quot;}&#10;selenium.webdriver.remote.remote_connection: DEBUG: Finished Request&#10;selenium.webdriver.remote.remote_connection: DEBUG: POST http://127.0.0.1:39316/hub/session/3b3c8517-7c95-4395-b87e-894f94e9fa9b/element {&quot;using&quot;: &quot;xpath&quot;, &quot;sessionId&quot;: &quot;3b3c8517-7c95-4395-b87e-894f94e9fa9b&quot;, &quot;value&quot;: &quot;//*[@id='page_content']/div[1]/div[1]/span&quot;}&#10;selenium.webdriver.remote.remote_connection: DEBUG: Finished Request&#10;selenium.webdriver.remote.remote_connection: DEBUG: POST http://127.0.0.1:39316/hub/session/3b3c8517-7c95-4395-b87e-894f94e9fa9b/element {&quot;using&quot;: &quot;link text&quot;, &quot;sessionId&quot;: &quot;3b3c8517-7c95-4395-b87e-894f94e9fa9b&quot;, &quot;value&quot;: &quot;Or log in&quot;}&#10;selenium.webdriver.remote.remote_connection: DEBUG: Finished Request&#10;selenium.webdriver.remote.remote_connection: DEBUG: POST http://127.0.0.1:39316/hub/session/3b3c8517-7c95-4395-b87e-894f94e9fa9b/element/{9710f139-b43f-4b2f-96cd-3ddb85de8f3a}/click {&quot;sessionId&quot;: &quot;3b3c8517-7c95-4395-b87e-894f94e9fa9b&quot;, &quot;id&quot;: &quot;{9710f139-b43f-4b2f-96cd-3ddb85de8f3a}&quot;}&#10;selenium.webdriver.remote.remote_connection: DEBUG: Finished Request&#10;selenium.webdriver.remote.remote_connection: DEBUG: POST http://127.0.0.1:39316/hub/session/3b3c8517-7c95-4395-b87e-894f94e9fa9b/element {&quot;using&quot;: &quot;css selector&quot;, &quot;sessionId&quot;: &quot;3b3c8517-7c95-4395-b87e-894f94e9fa9b&quot;, &quot;value&quot;: &quot;[id=\&quot;inputusername\&quot;]&quot;}&#10;selenium.webdriver.remote.remote_connection: DEBUG: Finished Request&#10;selenium.webdriver.remote.remote_connection: DEBUG: POST http://127.0.0.1:39316/hub/session/3b3c8517-7c95-4395-b87e-894f94e9fa9b/element {&quot;using&quot;: &quot;css selector&quot;, &quot;sessionId&quot;: &quot;3b3c8517-7c95-4395-b87e-894f94e9fa9b&quot;, &quot;value&quot;: &quot;[id=\&quot;inputusername\&quot;]&quot;}&#10;selenium.webdriver.remote.remote_connection: DEBUG: Finished Request&#10;selenium.webdriver.remote.remote_connection: DEBUG: POST http://127.0.0.1:39316/hub/session/3b3c8517-7c95-4395-b87e-894f94e9fa9b/element/{0fa073f4-08a0-4058-918d-21c94c5ae1ec}/value {&quot;sessionId&quot;: &quot;3b3c8517-7c95-4395-b87e-894f94e9fa9b&quot;, &quot;id&quot;: &quot;{0fa073f4-08a0-4058-918d-21c94c5ae1ec}&quot;, &quot;value&quot;: [&quot;D&quot;, &quot;e&quot;, &quot;e&quot;, &quot;p&quot;, &quot;a&quot;, &quot;.&quot;, &quot;S&quot;, &quot;i&quot;, &quot;v&quot;, &quot;a&quot;, &quot;d&quot;, &quot;a&quot;, &quot;s&quot;, &quot;@&quot;, &quot;i&quot;, &quot;n&quot;, &quot;d&quot;, &quot;e&quot;, &quot;c&quot;, &quot;o&quot;, &quot;m&quot;, &quot;m&quot;, &quot;.&quot;, &quot;n&quot;, &quot;e&quot;, &quot;t&quot;]}&#10;selenium.webdriver.remote.remote_connection: DEBUG: Finished Request&#10;selenium.webdriver.remote.remote_connection: DEBUG: POST http://127.0.0.1:39316/hub/session/3b3c8517-7c95-4395-b87e-894f94e9fa9b/element {&quot;using&quot;: &quot;css selector&quot;, &quot;sessionId&quot;: &quot;3b3c8517-7c95-4395-b87e-894f94e9fa9b&quot;, &quot;value&quot;: &quot;[id=\&quot;inputpassword\&quot;]&quot;}&#10;selenium.webdriver.remote.remote_connection: DEBUG: Finished Request&#10;selenium.webdriver.remote.remote_connection: DEBUG: POST http://127.0.0.1:39316/hub/session/3b3c8517-7c95-4395-b87e-894f94e9fa9b/element/{90576e7c-6b9b-455a-8a25-5da2a0472dfa}/value {&quot;sessionId&quot;: &quot;3b3c8517-7c95-4395-b87e-894f94e9fa9b&quot;, &quot;id&quot;: &quot;{90576e7c-6b9b-455a-8a25-5da2a0472dfa}&quot;, &quot;value&quot;: [&quot;m&quot;, &quot;y&quot;, &quot;h&quot;, &quot;a&quot;, &quot;y&quot;, &quot;s&quot;, &quot;t&quot;, &quot;a&quot;, &quot;x&quot;]}&#10;selenium.webdriver.remote.remote_connection: DEBUG: Finished Request&#10;selenium.webdriver.remote.remote_connection: DEBUG: POST http://127.0.0.1:39316/hub/session/3b3c8517-7c95-4395-b87e-894f94e9fa9b/element {&quot;using&quot;: &quot;xpath&quot;, &quot;sessionId&quot;: &quot;3b3c8517-7c95-4395-b87e-894f94e9fa9b&quot;, &quot;value&quot;: &quot;//form[@id='login_form']/li[3]/button&quot;}&#10;selenium.webdriver.remote.remote_connection: DEBUG: Finished Request&#10;selenium.webdriver.remote.remote_connection: DEBUG: POST http://127.0.0.1:39316/hub/session/3b3c8517-7c95-4395-b87e-894f94e9fa9b/element/{21f022b8-59e3-400e-893b-67356cfde3a0}/click {&quot;sessionId&quot;: &quot;3b3c8517-7c95-4395-b87e-894f94e9fa9b&quot;, &quot;id&quot;: &quot;{21f022b8-59e3-400e-893b-67356cfde3a0}&quot;}&#10;selenium.webdriver.remote.remote_connection: DEBUG: Finished Request&#10;selenium.webdriver.remote.remote_connection: DEBUG: POST http://127.0.0.1:39316/hub/session/3b3c8517-7c95-4395-b87e-894f94e9fa9b/element {&quot;using&quot;: &quot;css selector&quot;, &quot;sessionId&quot;: &quot;3b3c8517-7c95-4395-b87e-894f94e9fa9b&quot;, &quot;value&quot;: &quot;[id=\&quot;app_assets\&quot;]&quot;}&#10;selenium.webdriver.remote.remote_connection: DEBUG: Finished Request&#10;selenium.webdriver.remote.remote_connection: DEBUG: POST http://127.0.0.1:39316/hub/session/3b3c8517-7c95-4395-b87e-894f94e9fa9b/element/{ae2cfd63-6d10-4c36-bd9f-0aa235a1d524}/click {&quot;sessionId&quot;: &quot;3b3c8517-7c95-4395-b87e-894f94e9fa9b&quot;, &quot;id&quot;: &quot;{ae2cfd63-6d10-4c36-bd9f-0aa235a1d524}&quot;}&#10;selenium.webdriver.remote.remote_connection: DEBUG: Finished Request&#10;selenium.webdriver.remote.remote_connection: DEBUG: POST http://127.0.0.1:39316/hub/session/3b3c8517-7c95-4395-b87e-894f94e9fa9b/element {&quot;using&quot;: &quot;xpath&quot;, &quot;sessionId&quot;: &quot;3b3c8517-7c95-4395-b87e-894f94e9fa9b&quot;, &quot;value&quot;: &quot;.//*[@id='asset_actions_dropdown']/button[2]&quot;}&#10;selenium.webdriver.remote.remote_connection: DEBUG: Finished Request&#10;selenium.webdriver.remote.remote_connection: DEBUG: POST http://127.0.0.1:39316/hub/session/3b3c8517-7c95-4395-b87e-894f94e9fa9b/element/{33c10879-7306-45dc-abe8-2886dc021d9e}/click {&quot;sessionId&quot;: &quot;3b3c8517-7c95-4395-b87e-894f94e9fa9b&quot;, &quot;id&quot;: &quot;{33c10879-7306-45dc-abe8-2886dc021d9e}&quot;}&#10;selenium.webdriver.remote.remote_connection: DEBUG: Finished Request&#10;selenium.webdriver.remote.remote_connection: DEBUG: POST http://127.0.0.1:39316/hub/session/3b3c8517-7c95-4395-b87e-894f94e9fa9b/element {&quot;using&quot;: &quot;xpath&quot;, &quot;sessionId&quot;: &quot;3b3c8517-7c95-4395-b87e-894f94e9fa9b&quot;, &quot;value&quot;: &quot;.//*[@id='asset_actions_dropdown']/ul/li/a&quot;}&#10;selenium.webdriver.remote.remote_connection: DEBUG: Finished Request&#10;selenium.webdriver.remote.remote_connection: DEBUG: GET http://127.0.0.1:39316/hub/session/3b3c8517-7c95-4395-b87e-894f94e9fa9b/element/{f7fc9b58-53af-4595-867b-6cbe3a74980d}/enabled {&quot;sessionId&quot;: &quot;3b3c8517-7c95-4395-b87e-894f94e9fa9b&quot;, &quot;id&quot;: &quot;{f7fc9b58-53af-4595-867b-6cbe3a74980d}&quot;}&#10;selenium.webdriver.remote.remote_connection: DEBUG: Finished Request&#10;--------------------- &gt;&gt; end captured logging &lt;&lt; ---------------------"><![CDATA[  File "/usr/lib/python2.7/unittest/case.py", line 331, in run
    testMethod()
  File "/home/kirank/shared/main.py", line 29, in test_AS_01_To_Verify_Delete_When_No_Assets_Are_Available
    self.assertFalse(selectAction_dropdown_delete.is_enabled(), "Delete must be disabled.")
  File "/usr/lib/python2.7/unittest/case.py", line 418, in assertFalse
    raise self.failureException(msg)
'Delete must be disabled.\n-------------------- >> begin captured logging << --------------------\neasyprocess: DEBUG: version=0.1.9\npyvirtualdisplay: DEBUG: version=0.1.5\neasyprocess: DEBUG: param: "[\'Xvfb\', \'-help\']" \neasyprocess: DEBUG: command: [\'Xvfb\', \'-help\']\neasyprocess: DEBUG: joined command: Xvfb -help\neasyprocess: DEBUG: reading config: /home/kirank/.easyprocess.cfg\neasyprocess: DEBUG: process was started (pid=1297)\neasyprocess: DEBUG: process has ended\neasyprocess: DEBUG: return code=0\neasyprocess: DEBUG: stdout=\neasyprocess: DEBUG: stderr=use: X [:<display>] [option]\n-a #                   default pointer acceleration (factor)\n-ac                    disable access control restrictions\n-audit int             set audit trail level\n-auth file             select authorization file\n-br                    create root window with black background\n+bs                    enable any backing store support\n-bs                    disable any backing store support\n-c                     turns off key-click\nc #                    key-click volume (0-100)\n-cc int                default color visual class\n-nocursor              disable the cursor\n-core                  generate core dump on fatal error\n-dpi int               screen resolution in dots per inch\n-dpms                  disables VESA DPMS monitor control\n-deferglyphs [none|all|16] defer loading of [no|all|16-bit] glyphs\n-f #                   bell base (0-100)\n-fc string             cursor font\n-fn string             default font name\n-fp string             default font path\n-help                  prints message with these options\n-I                     ignore all remaining arguments\n-ld int                limit data space to N Kb\n-lf int                limit number of open files to N\n-ls int                limit stack space to N Kb\n-nolock                disable the locking mechanism\n-nolisten string       don\'t listen on protocol\n-noreset               don\'t reset after last client exists\n-background [none]     create root window with no background\n-reset                 reset after last client exists\n-p #                   screen-saver pattern duration (minutes)\n-pn                    accept failure to listen on all ports\n-nopn                  reject failure to listen on all ports\n-r                     turns off auto-repeat\nr                      turns on auto-repeat \n-render [default|mono|gray|color] set render color alloc policy\n-retro                 start with classic stipple and cursor\n-s #                   screen-saver timeout (minutes)\n-seat string           seat to run on\n-t #                   default pointer threshold (pixels/t)\n-terminate             terminate at server reset\n-to #                  connection time out\n-tst                   disable testing extensions\nttyxx                  server started from init on /dev/ttyxx\nv                      video blanking for screen-saver\n-v                     screen-saver without video blanking\n-wm                    WhenMapped default backing-store\n-wr                    create root window with white background\n-maxbigreqsize         set maximal bigrequest size \n+xinerama              Enable XINERAMA extension\n-xinerama              Disable XINERAMA extension\n-dumbSched             Disable smart scheduling, enable old behavior\n-schedInterval int     Set scheduler interval in msec\n-sigstop               Enable SIGSTOP based startup\n+extension name        Enable extension\n-extension name        Disable extension\n-query host-name       contact named host for XDMCP\n-broadcast             broadcast for XDMCP\n-multicast [addr [hops]] IPv6 multicast for XDMCP\n-indirect host-name    contact named host for indirect XDMCP\n-port port-num         UDP port number to send messages to\n-from local-address    specify the local address to connect from\n-once                  Terminate server after one session\n-class display-class   specify display class to send in manage\n-cookie xdm-auth-bits  specify the magic cookie for XDMCP\n-displayID display-id  manufacturer display ID for request\n[+-]accessx [ timeout [ timeout_mask [ feedback [ options_mask] ] ] ]\n                       enable/disable accessx key sequences\n-ardelay               set XKB autorepeat delay\n-arinterval            set XKB autorepeat interval\n-screen scrn WxHxD     set screen\'s width, height, depth\n-pixdepths list-of-int support given pixmap depths\n+/-render\t\t   turn on/off RENDER extension support(default on)\n-linebias n            adjust thin line pixelization\n-blackpixel n          pixel value for black\n-whitepixel n          pixel value for white\n-fbdir directory       put framebuffers in mmap\'ed files in directory\n-shmem                 put framebuffers in shared memory\neasyprocess: DEBUG: param: "[\'Xvfb\', \'-br\', \'-screen\', \'0\', \'1024x768x24\', \':1070\']" \neasyprocess: DEBUG: command: [\'Xvfb\', \'-br\', \'-screen\', \'0\', \'1024x768x24\', \':1070\']\neasyprocess: DEBUG: joined command: Xvfb -br -screen 0 1024x768x24 :1070\neasyprocess: DEBUG: param: "[\'Xvfb\', \'-br\', \'-screen\', \'0\', \'1024x768x24\', \':1044\']" \neasyprocess: DEBUG: command: [\'Xvfb\', \'-br\', \'-screen\', \'0\', \'1024x768x24\', \':1044\']\neasyprocess: DEBUG: joined command: Xvfb -br -screen 0 1024x768x24 :1044\neasyprocess: DEBUG: process was started (pid=1298)\npyvirtualdisplay.abstractdisplay: DEBUG: DISPLAY=:1044\nselenium.webdriver.remote.remote_connection: DEBUG: POST http://127.0.0.1:39316/hub/session {"desiredCapabilities": {"platform": "ANY", "browserName": "firefox", "version": "", "marionette": false, "javascriptEnabled": true}}\nselenium.webdriver.remote.remote_connection: DEBUG: Finished Request\nselenium.webdriver.remote.remote_connection: DEBUG: POST http://127.0.0.1:39316/hub/session/3b3c8517-7c95-4395-b87e-894f94e9fa9b/timeouts/implicit_wait {"sessionId": "3b3c8517-7c95-4395-b87e-894f94e9fa9b", "ms": 30000.0}\nselenium.webdriver.remote.remote_connection: DEBUG: Finished Request\nselenium.webdriver.remote.remote_connection: DEBUG: POST http://127.0.0.1:39316/hub/session/3b3c8517-7c95-4395-b87e-894f94e9fa9b/window/current/maximize {"windowHandle": "current", "sessionId": "3b3c8517-7c95-4395-b87e-894f94e9fa9b"}\nselenium.webdriver.remote.remote_connection: DEBUG: Finished Request\nselenium.webdriver.remote.remote_connection: DEBUG: POST http://127.0.0.1:39316/hub/session/3b3c8517-7c95-4395-b87e-894f94e9fa9b/url {"url": "https://constellation-qa.haystax.com/#/", "sessionId": "3b3c8517-7c95-4395-b87e-894f94e9fa9b"}\nselenium.webdriver.remote.remote_connection: DEBUG: Finished Request\nselenium.webdriver.remote.remote_connection: DEBUG: POST http://127.0.0.1:39316/hub/session/3b3c8517-7c95-4395-b87e-894f94e9fa9b/element {"using": "xpath", "sessionId": "3b3c8517-7c95-4395-b87e-894f94e9fa9b", "value": "//*[@id=\'page_content\']/div[1]/div[1]/span"}\nselenium.webdriver.remote.remote_connection: DEBUG: Finished Request\nselenium.webdriver.remote.remote_connection: DEBUG: POST http://127.0.0.1:39316/hub/session/3b3c8517-7c95-4395-b87e-894f94e9fa9b/element {"using": "link text", "sessionId": "3b3c8517-7c95-4395-b87e-894f94e9fa9b", "value": "Or log in"}\nselenium.webdriver.remote.remote_connection: DEBUG: Finished Request\nselenium.webdriver.remote.remote_connection: DEBUG: POST http://127.0.0.1:39316/hub/session/3b3c8517-7c95-4395-b87e-894f94e9fa9b/element/{9710f139-b43f-4b2f-96cd-3ddb85de8f3a}/click {"sessionId": "3b3c8517-7c95-4395-b87e-894f94e9fa9b", "id": "{9710f139-b43f-4b2f-96cd-3ddb85de8f3a}"}\nselenium.webdriver.remote.remote_connection: DEBUG: Finished Request\nselenium.webdriver.remote.remote_connection: DEBUG: POST http://127.0.0.1:39316/hub/session/3b3c8517-7c95-4395-b87e-894f94e9fa9b/element {"using": "css selector", "sessionId": "3b3c8517-7c95-4395-b87e-894f94e9fa9b", "value": "[id=\\"inputusername\\"]"}\nselenium.webdriver.remote.remote_connection: DEBUG: Finished Request\nselenium.webdriver.remote.remote_connection: DEBUG: POST http://127.0.0.1:39316/hub/session/3b3c8517-7c95-4395-b87e-894f94e9fa9b/element {"using": "css selector", "sessionId": "3b3c8517-7c95-4395-b87e-894f94e9fa9b", "value": "[id=\\"inputusername\\"]"}\nselenium.webdriver.remote.remote_connection: DEBUG: Finished Request\nselenium.webdriver.remote.remote_connection: DEBUG: POST http://127.0.0.1:39316/hub/session/3b3c8517-7c95-4395-b87e-894f94e9fa9b/element/{0fa073f4-08a0-4058-918d-21c94c5ae1ec}/value {"sessionId": "3b3c8517-7c95-4395-b87e-894f94e9fa9b", "id": "{0fa073f4-08a0-4058-918d-21c94c5ae1ec}", "value": ["D", "e", "e", "p", "a", ".", "S", "i", "v", "a", "d", "a", "s", "@", "i", "n", "d", "e", "c", "o", "m", "m", ".", "n", "e", "t"]}\nselenium.webdriver.remote.remote_connection: DEBUG: Finished Request\nselenium.webdriver.remote.remote_connection: DEBUG: POST http://127.0.0.1:39316/hub/session/3b3c8517-7c95-4395-b87e-894f94e9fa9b/element {"using": "css selector", "sessionId": "3b3c8517-7c95-4395-b87e-894f94e9fa9b", "value": "[id=\\"inputpassword\\"]"}\nselenium.webdriver.remote.remote_connection: DEBUG: Finished Request\nselenium.webdriver.remote.remote_connection: DEBUG: POST http://127.0.0.1:39316/hub/session/3b3c8517-7c95-4395-b87e-894f94e9fa9b/element/{90576e7c-6b9b-455a-8a25-5da2a0472dfa}/value {"sessionId": "3b3c8517-7c95-4395-b87e-894f94e9fa9b", "id": "{90576e7c-6b9b-455a-8a25-5da2a0472dfa}", "value": ["m", "y", "h", "a", "y", "s", "t", "a", "x"]}\nselenium.webdriver.remote.remote_connection: DEBUG: Finished Request\nselenium.webdriver.remote.remote_connection: DEBUG: POST http://127.0.0.1:39316/hub/session/3b3c8517-7c95-4395-b87e-894f94e9fa9b/element {"using": "xpath", "sessionId": "3b3c8517-7c95-4395-b87e-894f94e9fa9b", "value": "//form[@id=\'login_form\']/li[3]/button"}\nselenium.webdriver.remote.remote_connection: DEBUG: Finished Request\nselenium.webdriver.remote.remote_connection: DEBUG: POST http://127.0.0.1:39316/hub/session/3b3c8517-7c95-4395-b87e-894f94e9fa9b/element/{21f022b8-59e3-400e-893b-67356cfde3a0}/click {"sessionId": "3b3c8517-7c95-4395-b87e-894f94e9fa9b", "id": "{21f022b8-59e3-400e-893b-67356cfde3a0}"}\nselenium.webdriver.remote.remote_connection: DEBUG: Finished Request\nselenium.webdriver.remote.remote_connection: DEBUG: POST http://127.0.0.1:39316/hub/session/3b3c8517-7c95-4395-b87e-894f94e9fa9b/element {"using": "css selector", "sessionId": "3b3c8517-7c95-4395-b87e-894f94e9fa9b", "value": "[id=\\"app_assets\\"]"}\nselenium.webdriver.remote.remote_connection: DEBUG: Finished Request\nselenium.webdriver.remote.remote_connection: DEBUG: POST http://127.0.0.1:39316/hub/session/3b3c8517-7c95-4395-b87e-894f94e9fa9b/element/{ae2cfd63-6d10-4c36-bd9f-0aa235a1d524}/click {"sessionId": "3b3c8517-7c95-4395-b87e-894f94e9fa9b", "id": "{ae2cfd63-6d10-4c36-bd9f-0aa235a1d524}"}\nselenium.webdriver.remote.remote_connection: DEBUG: Finished Request\nselenium.webdriver.remote.remote_connection: DEBUG: POST http://127.0.0.1:39316/hub/session/3b3c8517-7c95-4395-b87e-894f94e9fa9b/element {"using": "xpath", "sessionId": "3b3c8517-7c95-4395-b87e-894f94e9fa9b", "value": ".//*[@id=\'asset_actions_dropdown\']/button[2]"}\nselenium.webdriver.remote.remote_connection: DEBUG: Finished Request\nselenium.webdriver.remote.remote_connection: DEBUG: POST http://127.0.0.1:39316/hub/session/3b3c8517-7c95-4395-b87e-894f94e9fa9b/element/{33c10879-7306-45dc-abe8-2886dc021d9e}/click {"sessionId": "3b3c8517-7c95-4395-b87e-894f94e9fa9b", "id": "{33c10879-7306-45dc-abe8-2886dc021d9e}"}\nselenium.webdriver.remote.remote_connection: DEBUG: Finished Request\nselenium.webdriver.remote.remote_connection: DEBUG: POST http://127.0.0.1:39316/hub/session/3b3c8517-7c95-4395-b87e-894f94e9fa9b/element {"using": "xpath", "sessionId": "3b3c8517-7c95-4395-b87e-894f94e9fa9b", "value": ".//*[@id=\'asset_actions_dropdown\']/ul/li/a"}\nselenium.webdriver.remote.remote_connection: DEBUG: Finished Request\nselenium.webdriver.remote.remote_connection: DEBUG: GET http://127.0.0.1:39316/hub/session/3b3c8517-7c95-4395-b87e-894f94e9fa9b/element/{f7fc9b58-53af-4595-867b-6cbe3a74980d}/enabled {"sessionId": "3b3c8517-7c95-4395-b87e-894f94e9fa9b", "id": "{f7fc9b58-53af-4595-867b-6cbe3a74980d}"}\nselenium.webdriver.remote.remote_connection: DEBUG: Finished Request\n--------------------- >> end captured logging << ---------------------']]></failure></testcase><testcase classname="main.MainDriverScript" name="test_AS_02_To_Verify_Delete_Deselect_All_Assets" time="0.190"><failure type="exceptions.AssertionError" message="Delete must be disabled.&#10;-------------------- &gt;&gt; begin captured logging &lt;&lt; --------------------&#10;selenium.webdriver.remote.remote_connection: DEBUG: POST http://127.0.0.1:39316/hub/session/3b3c8517-7c95-4395-b87e-894f94e9fa9b/elements {&quot;using&quot;: &quot;xpath&quot;, &quot;sessionId&quot;: &quot;3b3c8517-7c95-4395-b87e-894f94e9fa9b&quot;, &quot;value&quot;: &quot;.//*[@id='assetstable']/tbody/tr/td[1]/label/span/span[2]&quot;}&#10;selenium.webdriver.remote.remote_connection: DEBUG: Finished Request&#10;selenium.webdriver.remote.remote_connection: DEBUG: GET http://127.0.0.1:39316/hub/session/3b3c8517-7c95-4395-b87e-894f94e9fa9b/element/{982f5910-a21d-48c0-b875-539ee35d1159}/selected {&quot;sessionId&quot;: &quot;3b3c8517-7c95-4395-b87e-894f94e9fa9b&quot;, &quot;id&quot;: &quot;{982f5910-a21d-48c0-b875-539ee35d1159}&quot;}&#10;selenium.webdriver.remote.remote_connection: DEBUG: Finished Request&#10;selenium.webdriver.remote.remote_connection: DEBUG: GET http://127.0.0.1:39316/hub/session/3b3c8517-7c95-4395-b87e-894f94e9fa9b/element/{f7aa3e4d-041b-435a-89bc-20535c0f2c53}/selected {&quot;sessionId&quot;: &quot;3b3c8517-7c95-4395-b87e-894f94e9fa9b&quot;, &quot;id&quot;: &quot;{f7aa3e4d-041b-435a-89bc-20535c0f2c53}&quot;}&#10;selenium.webdriver.remote.remote_connection: DEBUG: Finished Request&#10;selenium.webdriver.remote.remote_connection: DEBUG: GET http://127.0.0.1:39316/hub/session/3b3c8517-7c95-4395-b87e-894f94e9fa9b/element/{7aae65fe-a52b-4caf-a1ef-bb76cf63dbab}/selected {&quot;sessionId&quot;: &quot;3b3c8517-7c95-4395-b87e-894f94e9fa9b&quot;, &quot;id&quot;: &quot;{7aae65fe-a52b-4caf-a1ef-bb76cf63dbab}&quot;}&#10;selenium.webdriver.remote.remote_connection: DEBUG: Finished Request&#10;selenium.webdriver.remote.remote_connection: DEBUG: GET http://127.0.0.1:39316/hub/session/3b3c8517-7c95-4395-b87e-894f94e9fa9b/element/{4814b315-9c6c-48de-98f1-1880309522ba}/selected {&quot;sessionId&quot;: &quot;3b3c8517-7c95-4395-b87e-894f94e9fa9b&quot;, &quot;id&quot;: &quot;{4814b315-9c6c-48de-98f1-1880309522ba}&quot;}&#10;selenium.webdriver.remote.remote_connection: DEBUG: Finished Request&#10;selenium.webdriver.remote.remote_connection: DEBUG: GET http://127.0.0.1:39316/hub/session/3b3c8517-7c95-4395-b87e-894f94e9fa9b/element/{88ab938f-1f30-4bb1-8924-e9b1049dddeb}/selected {&quot;sessionId&quot;: &quot;3b3c8517-7c95-4395-b87e-894f94e9fa9b&quot;, &quot;id&quot;: &quot;{88ab938f-1f30-4bb1-8924-e9b1049dddeb}&quot;}&#10;selenium.webdriver.remote.remote_connection: DEBUG: Finished Request&#10;selenium.webdriver.remote.remote_connection: DEBUG: GET http://127.0.0.1:39316/hub/session/3b3c8517-7c95-4395-b87e-894f94e9fa9b/element/{142fe332-0cf6-4d84-83f2-4b288949ab67}/selected {&quot;sessionId&quot;: &quot;3b3c8517-7c95-4395-b87e-894f94e9fa9b&quot;, &quot;id&quot;: &quot;{142fe332-0cf6-4d84-83f2-4b288949ab67}&quot;}&#10;selenium.webdriver.remote.remote_connection: DEBUG: Finished Request&#10;selenium.webdriver.remote.remote_connection: DEBUG: GET http://127.0.0.1:39316/hub/session/3b3c8517-7c95-4395-b87e-894f94e9fa9b/element/{d682684b-5587-475e-99a5-ab4b92a8a8bb}/selected {&quot;sessionId&quot;: &quot;3b3c8517-7c95-4395-b87e-894f94e9fa9b&quot;, &quot;id&quot;: &quot;{d682684b-5587-475e-99a5-ab4b92a8a8bb}&quot;}&#10;selenium.webdriver.remote.remote_connection: DEBUG: Finished Request&#10;selenium.webdriver.remote.remote_connection: DEBUG: GET http://127.0.0.1:39316/hub/session/3b3c8517-7c95-4395-b87e-894f94e9fa9b/element/{900a5cf8-570e-4235-aaa7-79eb7fcacd04}/selected {&quot;sessionId&quot;: &quot;3b3c8517-7c95-4395-b87e-894f94e9fa9b&quot;, &quot;id&quot;: &quot;{900a5cf8-570e-4235-aaa7-79eb7fcacd04}&quot;}&#10;selenium.webdriver.remote.remote_connection: DEBUG: Finished Request&#10;selenium.webdriver.remote.remote_connection: DEBUG: GET http://127.0.0.1:39316/hub/session/3b3c8517-7c95-4395-b87e-894f94e9fa9b/element/{94910c52-e27d-424c-a230-a5a98696627c}/selected {&quot;sessionId&quot;: &quot;3b3c8517-7c95-4395-b87e-894f94e9fa9b&quot;, &quot;id&quot;: &quot;{94910c52-e27d-424c-a230-a5a98696627c}&quot;}&#10;selenium.webdriver.remote.remote_connection: DEBUG: Finished Request&#10;selenium.webdriver.remote.remote_connection: DEBUG: GET http://127.0.0.1:39316/hub/session/3b3c8517-7c95-4395-b87e-894f94e9fa9b/element/{15df40eb-0e2a-4805-a49c-8c683a13c009}/selected {&quot;sessionId&quot;: &quot;3b3c8517-7c95-4395-b87e-894f94e9fa9b&quot;, &quot;id&quot;: &quot;{15df40eb-0e2a-4805-a49c-8c683a13c009}&quot;}&#10;selenium.webdriver.remote.remote_connection: DEBUG: Finished Request&#10;selenium.webdriver.remote.remote_connection: DEBUG: POST http://127.0.0.1:39316/hub/session/3b3c8517-7c95-4395-b87e-894f94e9fa9b/element {&quot;using&quot;: &quot;xpath&quot;, &quot;sessionId&quot;: &quot;3b3c8517-7c95-4395-b87e-894f94e9fa9b&quot;, &quot;value&quot;: &quot;.//*[@id='asset_actions_dropdown']/button[2]&quot;}&#10;selenium.webdriver.remote.remote_connection: DEBUG: Finished Request&#10;selenium.webdriver.remote.remote_connection: DEBUG: POST http://127.0.0.1:39316/hub/session/3b3c8517-7c95-4395-b87e-894f94e9fa9b/element/{33c10879-7306-45dc-abe8-2886dc021d9e}/click {&quot;sessionId&quot;: &quot;3b3c8517-7c95-4395-b87e-894f94e9fa9b&quot;, &quot;id&quot;: &quot;{33c10879-7306-45dc-abe8-2886dc021d9e}&quot;}&#10;selenium.webdriver.remote.remote_connection: DEBUG: Finished Request&#10;selenium.webdriver.remote.remote_connection: DEBUG: POST http://127.0.0.1:39316/hub/session/3b3c8517-7c95-4395-b87e-894f94e9fa9b/element {&quot;using&quot;: &quot;xpath&quot;, &quot;sessionId&quot;: &quot;3b3c8517-7c95-4395-b87e-894f94e9fa9b&quot;, &quot;value&quot;: &quot;.//*[@id='asset_actions_dropdown']/ul/li/a&quot;}&#10;selenium.webdriver.remote.remote_connection: DEBUG: Finished Request&#10;selenium.webdriver.remote.remote_connection: DEBUG: GET http://127.0.0.1:39316/hub/session/3b3c8517-7c95-4395-b87e-894f94e9fa9b/element/{f7fc9b58-53af-4595-867b-6cbe3a74980d}/enabled {&quot;sessionId&quot;: &quot;3b3c8517-7c95-4395-b87e-894f94e9fa9b&quot;, &quot;id&quot;: &quot;{f7fc9b58-53af-4595-867b-6cbe3a74980d}&quot;}&#10;selenium.webdriver.remote.remote_connection: DEBUG: Finished Request&#10;--------------------- &gt;&gt; end captured logging &lt;&lt; ---------------------"><![CDATA[  File "/usr/lib/python2.7/unittest/case.py", line 331, in run
    testMethod()
  File "/home/kirank/shared/main.py", line 41, in test_AS_02_To_Verify_Delete_Deselect_All_Assets
    self.assertFalse(selectAction_dropdown_delete.is_enabled(), "Delete must be disabled.")
  File "/usr/lib/python2.7/unittest/case.py", line 418, in assertFalse
    raise self.failureException(msg)
'Delete must be disabled.\n-------------------- >> begin captured logging << --------------------\nselenium.webdriver.remote.remote_connection: DEBUG: POST http://127.0.0.1:39316/hub/session/3b3c8517-7c95-4395-b87e-894f94e9fa9b/elements {"using": "xpath", "sessionId": "3b3c8517-7c95-4395-b87e-894f94e9fa9b", "value": ".//*[@id=\'assetstable\']/tbody/tr/td[1]/label/span/span[2]"}\nselenium.webdriver.remote.remote_connection: DEBUG: Finished Request\nselenium.webdriver.remote.remote_connection: DEBUG: GET http://127.0.0.1:39316/hub/session/3b3c8517-7c95-4395-b87e-894f94e9fa9b/element/{982f5910-a21d-48c0-b875-539ee35d1159}/selected {"sessionId": "3b3c8517-7c95-4395-b87e-894f94e9fa9b", "id": "{982f5910-a21d-48c0-b875-539ee35d1159}"}\nselenium.webdriver.remote.remote_connection: DEBUG: Finished Request\nselenium.webdriver.remote.remote_connection: DEBUG: GET http://127.0.0.1:39316/hub/session/3b3c8517-7c95-4395-b87e-894f94e9fa9b/element/{f7aa3e4d-041b-435a-89bc-20535c0f2c53}/selected {"sessionId": "3b3c8517-7c95-4395-b87e-894f94e9fa9b", "id": "{f7aa3e4d-041b-435a-89bc-20535c0f2c53}"}\nselenium.webdriver.remote.remote_connection: DEBUG: Finished Request\nselenium.webdriver.remote.remote_connection: DEBUG: GET http://127.0.0.1:39316/hub/session/3b3c8517-7c95-4395-b87e-894f94e9fa9b/element/{7aae65fe-a52b-4caf-a1ef-bb76cf63dbab}/selected {"sessionId": "3b3c8517-7c95-4395-b87e-894f94e9fa9b", "id": "{7aae65fe-a52b-4caf-a1ef-bb76cf63dbab}"}\nselenium.webdriver.remote.remote_connection: DEBUG: Finished Request\nselenium.webdriver.remote.remote_connection: DEBUG: GET http://127.0.0.1:39316/hub/session/3b3c8517-7c95-4395-b87e-894f94e9fa9b/element/{4814b315-9c6c-48de-98f1-1880309522ba}/selected {"sessionId": "3b3c8517-7c95-4395-b87e-894f94e9fa9b", "id": "{4814b315-9c6c-48de-98f1-1880309522ba}"}\nselenium.webdriver.remote.remote_connection: DEBUG: Finished Request\nselenium.webdriver.remote.remote_connection: DEBUG: GET http://127.0.0.1:39316/hub/session/3b3c8517-7c95-4395-b87e-894f94e9fa9b/element/{88ab938f-1f30-4bb1-8924-e9b1049dddeb}/selected {"sessionId": "3b3c8517-7c95-4395-b87e-894f94e9fa9b", "id": "{88ab938f-1f30-4bb1-8924-e9b1049dddeb}"}\nselenium.webdriver.remote.remote_connection: DEBUG: Finished Request\nselenium.webdriver.remote.remote_connection: DEBUG: GET http://127.0.0.1:39316/hub/session/3b3c8517-7c95-4395-b87e-894f94e9fa9b/element/{142fe332-0cf6-4d84-83f2-4b288949ab67}/selected {"sessionId": "3b3c8517-7c95-4395-b87e-894f94e9fa9b", "id": "{142fe332-0cf6-4d84-83f2-4b288949ab67}"}\nselenium.webdriver.remote.remote_connection: DEBUG: Finished Request\nselenium.webdriver.remote.remote_connection: DEBUG: GET http://127.0.0.1:39316/hub/session/3b3c8517-7c95-4395-b87e-894f94e9fa9b/element/{d682684b-5587-475e-99a5-ab4b92a8a8bb}/selected {"sessionId": "3b3c8517-7c95-4395-b87e-894f94e9fa9b", "id": "{d682684b-5587-475e-99a5-ab4b92a8a8bb}"}\nselenium.webdriver.remote.remote_connection: DEBUG: Finished Request\nselenium.webdriver.remote.remote_connection: DEBUG: GET http://127.0.0.1:39316/hub/session/3b3c8517-7c95-4395-b87e-894f94e9fa9b/element/{900a5cf8-570e-4235-aaa7-79eb7fcacd04}/selected {"sessionId": "3b3c8517-7c95-4395-b87e-894f94e9fa9b", "id": "{900a5cf8-570e-4235-aaa7-79eb7fcacd04}"}\nselenium.webdriver.remote.remote_connection: DEBUG: Finished Request\nselenium.webdriver.remote.remote_connection: DEBUG: GET http://127.0.0.1:39316/hub/session/3b3c8517-7c95-4395-b87e-894f94e9fa9b/element/{94910c52-e27d-424c-a230-a5a98696627c}/selected {"sessionId": "3b3c8517-7c95-4395-b87e-894f94e9fa9b", "id": "{94910c52-e27d-424c-a230-a5a98696627c}"}\nselenium.webdriver.remote.remote_connection: DEBUG: Finished Request\nselenium.webdriver.remote.remote_connection: DEBUG: GET http://127.0.0.1:39316/hub/session/3b3c8517-7c95-4395-b87e-894f94e9fa9b/element/{15df40eb-0e2a-4805-a49c-8c683a13c009}/selected {"sessionId": "3b3c8517-7c95-4395-b87e-894f94e9fa9b", "id": "{15df40eb-0e2a-4805-a49c-8c683a13c009}"}\nselenium.webdriver.remote.remote_connection: DEBUG: Finished Request\nselenium.webdriver.remote.remote_connection: DEBUG: POST http://127.0.0.1:39316/hub/session/3b3c8517-7c95-4395-b87e-894f94e9fa9b/element {"using": "xpath", "sessionId": "3b3c8517-7c95-4395-b87e-894f94e9fa9b", "value": ".//*[@id=\'asset_actions_dropdown\']/button[2]"}\nselenium.webdriver.remote.remote_connection: DEBUG: Finished Request\nselenium.webdriver.remote.remote_connection: DEBUG: POST http://127.0.0.1:39316/hub/session/3b3c8517-7c95-4395-b87e-894f94e9fa9b/element/{33c10879-7306-45dc-abe8-2886dc021d9e}/click {"sessionId": "3b3c8517-7c95-4395-b87e-894f94e9fa9b", "id": "{33c10879-7306-45dc-abe8-2886dc021d9e}"}\nselenium.webdriver.remote.remote_connection: DEBUG: Finished Request\nselenium.webdriver.remote.remote_connection: DEBUG: POST http://127.0.0.1:39316/hub/session/3b3c8517-7c95-4395-b87e-894f94e9fa9b/element {"using": "xpath", "sessionId": "3b3c8517-7c95-4395-b87e-894f94e9fa9b", "value": ".//*[@id=\'asset_actions_dropdown\']/ul/li/a"}\nselenium.webdriver.remote.remote_connection: DEBUG: Finished Request\nselenium.webdriver.remote.remote_connection: DEBUG: GET http://127.0.0.1:39316/hub/session/3b3c8517-7c95-4395-b87e-894f94e9fa9b/element/{f7fc9b58-53af-4595-867b-6cbe3a74980d}/enabled {"sessionId": "3b3c8517-7c95-4395-b87e-894f94e9fa9b", "id": "{f7fc9b58-53af-4595-867b-6cbe3a74980d}"}\nselenium.webdriver.remote.remote_connection: DEBUG: Finished Request\n--------------------- >> end captured logging << ---------------------']]></failure></testcase><testcase classname="main.MainDriverScript" name="test_AS_03_To_Verify_Delete_Asset_Should_Be_Deleted" time="10.435"><system-out><![CDATA[First record deleted successfully.
]]></system-out></testcase><testcase classname="main.MainDriverScript" name="test_AS_04_To_Verify_Delete_Asset_Cancel" time="15.467"><system-out><![CDATA[First record cancelled successfully.
]]></system-out></testcase><testcase classname="main.MainDriverScript" name="test_AS_06_To_Verify_The_Filter_Function_Filter_By_Place" time="3.975"><system-out><![CDATA[Found 10 Places Asset Types :
Bradtke-Heathcote
Collier-Spencer
Considine, Yost and Witting
Corwin, Johnston and Lang
Crist Inc
Dibbert-Bernhard
Gibson, Bogan and Heller
Green Inc
Grimes, Barton and Muller
Hauck-Christiansen
]]></system-out></testcase><testcase classname="main.MainDriverScript" name="test_AS_07_To_Verify_The_Filter_Function_Filter_By_School" time="4.117"><system-out><![CDATA[Found 10 Schools Asset Types :
Buckridge-Kunde
Cronin Inc
Daugherty Group
Devan Smith
DuBuque, Berge and Padberg
Gutmann-Moore
Haley Harber
Juana Heaney
Klein and Sons
Kling LLC
]]></system-out></testcase><testcase classname="main.MainDriverScript" name="test_AS_11_To_Verify_The_Reset_Filter_Function" time="3.081"></testcase><testcase classname="main.MainDriverScript" name="test_AS_12_To_Verify_The_Search_For_Asset_Function_Search_By_Name" time="44.602"><system-out><![CDATA[Getting Search data from Json
Found 1 by Name search.
Klein and Sons
Found 0 by Name search.
]]></system-out></testcase><testcase classname="main.MainDriverScript" name="test_AS_14_To_Verify_Create_Asset_Function_Create_Place_Asset" time="88.475"></testcase><testcase classname="main.MainDriverScript" name="test_AS_17_To_Verify_That_Created_Asset_Displayed_In_The_List" time="10.225"><system-out><![CDATA[Pagac-Bogan
]]></system-out></testcase><testcase classname="main.MainDriverScript" name="test_AS_29_To_Click_On_Save_Without_FirstName_Asset_ContactInfo_Field" time="14.470"></testcase><testcase classname="main.MainDriverScript" name="test_AS_30_To_Click_On_Save_Without_LastName_Asset_ContactInfo_Field" time="12.049"></testcase><testcase classname="main.MainDriverScript" name="test_AS_31_To_Click_On_Save_With_Email_Asset_Detail_Field" time="23.305"></testcase><testcase classname="main.MainDriverScript" name="test_AS_32_To_Click_On_Save_With_Wrong_Email_Asset_Detail_Field" time="18.220"></testcase><testcase classname="main.MainDriverScript" name="test_AS_33_To_Click_On_Save_With_FirstName_Asset_ContactInfo_Field" time="44.160"><system-out><![CDATA[No contact
ZLastName, FirstName
]]></system-out></testcase><testcase classname="main.MainDriverScript" name="test_AS_34_To_Click_On_Save_With_Prefix_Title_Asset_ContactInfo_Field" time="16.716"></testcase><testcase classname="main.MainDriverScript" name="test_AS_35_To_Click_On_Save_With_Phone_Asset_ContactInfo_Field" time="15.989"></testcase><testcase classname="main.MainDriverScript" name="test_AS_36_To_Click_On_Save_With_Email_Asset_ContactInfo_Field" time="15.407"></testcase><testcase classname="main.MainDriverScript" name="test_AS_37_To_Click_On_Save_With_Wrong_Email_Asset_ContactInfo_Field" time="15.268"></testcase><testcase classname="main.MainDriverScript" name="test_AS_49_To_Verify_Create_Asset_Function_Create_School_Asset" time="87.513"></testcase><testcase classname="main.MainDriverScript" name="test_AS_50_To_Verify_That_Created_SchoolAsset_Displayed_In_The_List" time="20.177"><failure type="exceptions.AssertionError" message="'rgba(255, 236, 158, 1)' != u'rgba(255, 255, 255, 1)'&#10;-------------------- &gt;&gt; begin captured stdout &lt;&lt; ---------------------&#10;Pagac-Bogan&#10;&#10;--------------------- &gt;&gt; end captured stdout &lt;&lt; ----------------------&#10;-------------------- &gt;&gt; begin captured logging &lt;&lt; --------------------&#10;selenium.webdriver.remote.remote_connection: DEBUG: POST http://127.0.0.1:39316/hub/session/3b3c8517-7c95-4395-b87e-894f94e9fa9b/element {&quot;using&quot;: &quot;css selector&quot;, &quot;sessionId&quot;: &quot;3b3c8517-7c95-4395-b87e-894f94e9fa9b&quot;, &quot;value&quot;: &quot;[id=\&quot;txt_search_assets\&quot;]&quot;}&#10;selenium.webdriver.remote.remote_connection: DEBUG: Finished Request&#10;selenium.webdriver.remote.remote_connection: DEBUG: POST http://127.0.0.1:39316/hub/session/3b3c8517-7c95-4395-b87e-894f94e9fa9b/element/{adaf5c47-3aa6-422c-857e-c9056b822fe7}/clear {&quot;sessionId&quot;: &quot;3b3c8517-7c95-4395-b87e-894f94e9fa9b&quot;, &quot;id&quot;: &quot;{adaf5c47-3aa6-422c-857e-c9056b822fe7}&quot;}&#10;selenium.webdriver.remote.remote_connection: DEBUG: Finished Request&#10;selenium.webdriver.remote.remote_connection: DEBUG: POST http://127.0.0.1:39316/hub/session/3b3c8517-7c95-4395-b87e-894f94e9fa9b/element/{adaf5c47-3aa6-422c-857e-c9056b822fe7}/value {&quot;sessionId&quot;: &quot;3b3c8517-7c95-4395-b87e-894f94e9fa9b&quot;, &quot;id&quot;: &quot;{adaf5c47-3aa6-422c-857e-c9056b822fe7}&quot;, &quot;value&quot;: [&quot;I&quot;, &quot;o&quot;, &quot;l&quot;, &quot;a&quot;, &quot; &quot;, &quot;G&quot;, &quot;r&quot;, &quot;e&quot;, &quot;e&quot;, &quot;n&quot;, &quot; &quot;, &quot;M&quot;, &quot;D&quot;]}&#10;selenium.webdriver.remote.remote_connection: DEBUG: Finished Request&#10;selenium.webdriver.remote.remote_connection: DEBUG: POST http://127.0.0.1:39316/hub/session/3b3c8517-7c95-4395-b87e-894f94e9fa9b/elements {&quot;using&quot;: &quot;xpath&quot;, &quot;sessionId&quot;: &quot;3b3c8517-7c95-4395-b87e-894f94e9fa9b&quot;, &quot;value&quot;: &quot;.//*[@id='assetstable']/tbody/tr/td[2]&quot;}&#10;selenium.webdriver.remote.remote_connection: DEBUG: Finished Request&#10;selenium.webdriver.remote.remote_connection: DEBUG: GET http://127.0.0.1:39316/hub/session/3b3c8517-7c95-4395-b87e-894f94e9fa9b/element/{49183d1d-6748-4502-afd3-ccbba6f01aa3}/text {&quot;sessionId&quot;: &quot;3b3c8517-7c95-4395-b87e-894f94e9fa9b&quot;, &quot;id&quot;: &quot;{49183d1d-6748-4502-afd3-ccbba6f01aa3}&quot;}&#10;selenium.webdriver.remote.remote_connection: DEBUG: Finished Request&#10;selenium.webdriver.remote.remote_connection: DEBUG: GET http://127.0.0.1:39316/hub/session/3b3c8517-7c95-4395-b87e-894f94e9fa9b/element/{49183d1d-6748-4502-afd3-ccbba6f01aa3}/css/background-color {&quot;sessionId&quot;: &quot;3b3c8517-7c95-4395-b87e-894f94e9fa9b&quot;, &quot;propertyName&quot;: &quot;background-color&quot;, &quot;id&quot;: &quot;{49183d1d-6748-4502-afd3-ccbba6f01aa3}&quot;}&#10;selenium.webdriver.remote.remote_connection: DEBUG: Finished Request&#10;--------------------- &gt;&gt; end captured logging &lt;&lt; ---------------------"><![CDATA[  File "/usr/lib/python2.7/unittest/case.py", line 331, in run
    testMethod()
  File "/home/kirank/shared/main.py", line 733, in test_AS_50_To_Verify_That_Created_SchoolAsset_Displayed_In_The_List
    self.assertEqual("rgba(255, 236, 158, 1)", i.value_of_css_property("background-color"))
  File "/usr/lib/python2.7/unittest/case.py", line 515, in assertEqual
    assertion_func(first, second, msg=msg)
  File "/usr/lib/python2.7/unittest/case.py", line 508, in _baseAssertEqual
    raise self.failureException(msg)
'\'rgba(255, 236, 158, 1)\' != u\'rgba(255, 255, 255, 1)\'\n-------------------- >> begin captured stdout << ---------------------\nPagac-Bogan\n\n--------------------- >> end captured stdout << ----------------------\n-------------------- >> begin captured logging << --------------------\nselenium.webdriver.remote.remote_connection: DEBUG: POST http://127.0.0.1:39316/hub/session/3b3c8517-7c95-4395-b87e-894f94e9fa9b/element {"using": "css selector", "sessionId": "3b3c8517-7c95-4395-b87e-894f94e9fa9b", "value": "[id=\\"txt_search_assets\\"]"}\nselenium.webdriver.remote.remote_connection: DEBUG: Finished Request\nselenium.webdriver.remote.remote_connection: DEBUG: POST http://127.0.0.1:39316/hub/session/3b3c8517-7c95-4395-b87e-894f94e9fa9b/element/{adaf5c47-3aa6-422c-857e-c9056b822fe7}/clear {"sessionId": "3b3c8517-7c95-4395-b87e-894f94e9fa9b", "id": "{adaf5c47-3aa6-422c-857e-c9056b822fe7}"}\nselenium.webdriver.remote.remote_connection: DEBUG: Finished Request\nselenium.webdriver.remote.remote_connection: DEBUG: POST http://127.0.0.1:39316/hub/session/3b3c8517-7c95-4395-b87e-894f94e9fa9b/element/{adaf5c47-3aa6-422c-857e-c9056b822fe7}/value {"sessionId": "3b3c8517-7c95-4395-b87e-894f94e9fa9b", "id": "{adaf5c47-3aa6-422c-857e-c9056b822fe7}", "value": ["I", "o", "l", "a", " ", "G", "r", "e", "e", "n", " ", "M", "D"]}\nselenium.webdriver.remote.remote_connection: DEBUG: Finished Request\nselenium.webdriver.remote.remote_connection: DEBUG: POST http://127.0.0.1:39316/hub/session/3b3c8517-7c95-4395-b87e-894f94e9fa9b/elements {"using": "xpath", "sessionId": "3b3c8517-7c95-4395-b87e-894f94e9fa9b", "value": ".//*[@id=\'assetstable\']/tbody/tr/td[2]"}\nselenium.webdriver.remote.remote_connection: DEBUG: Finished Request\nselenium.webdriver.remote.remote_connection: DEBUG: GET http://127.0.0.1:39316/hub/session/3b3c8517-7c95-4395-b87e-894f94e9fa9b/element/{49183d1d-6748-4502-afd3-ccbba6f01aa3}/text {"sessionId": "3b3c8517-7c95-4395-b87e-894f94e9fa9b", "id": "{49183d1d-6748-4502-afd3-ccbba6f01aa3}"}\nselenium.webdriver.remote.remote_connection: DEBUG: Finished Request\nselenium.webdriver.remote.remote_connection: DEBUG: GET http://127.0.0.1:39316/hub/session/3b3c8517-7c95-4395-b87e-894f94e9fa9b/element/{49183d1d-6748-4502-afd3-ccbba6f01aa3}/css/background-color {"sessionId": "3b3c8517-7c95-4395-b87e-894f94e9fa9b", "propertyName": "background-color", "id": "{49183d1d-6748-4502-afd3-ccbba6f01aa3}"}\nselenium.webdriver.remote.remote_connection: DEBUG: Finished Request\n--------------------- >> end captured logging << ---------------------']]></failure><system-out><![CDATA[Pagac-Bogan
]]></system-out></testcase><testcase classname="main.MainDriverScript" name="test_AS_51_To_validate_SchoolName_Field" time="34.771"></testcase><testcase classname="main.MainDriverScript" name="test_AS_53_To_validate_GradeandDistrict_Fields" time="79.589"><system-out><![CDATA[Add button not enabled
]]></system-out></testcase><testcase classname="main.MainDriverScript" name="test_AS_54_To_Verify_Create_Asset_Function_Create_School_Asset_Cancel" time="145.731"><system-out><![CDATA[In Assets main page
]]></system-out></testcase></testsuite>